[INFO  - 2016-12-27T16:43:20.197Z] GhostDriver - Main - running on port 38555
[INFO  - 2016-12-27T16:43:20.725Z] Session [934eddb0-cc53-11e6-b208-bf0d9dc917c6] - page.settings - {"XSSAuditingEnabled":false,"javascriptCanCloseWindows":true,"javascriptCanOpenWindows":true,"javascriptEnabled":true,"loadImages":true,"localToRemoteUrlAccessEnabled":false,"userAgent":"Mozilla/5.0 (Windows NT 6.1; WOW64) AppleWebKit/538.1 (KHTML, like Gecko) PhantomJS/2.1.1 Safari/538.1","webSecurityEnabled":true}
[INFO  - 2016-12-27T16:43:20.725Z] Session [934eddb0-cc53-11e6-b208-bf0d9dc917c6] - page.customHeaders:  - {}
[INFO  - 2016-12-27T16:43:20.725Z] Session [934eddb0-cc53-11e6-b208-bf0d9dc917c6] - Session.negotiatedCapabilities - {"browserName":"phantomjs","version":"2.1.1","driverName":"ghostdriver","driverVersion":"1.2.0","platform":"windows-7-32bit","javascriptEnabled":true,"takesScreenshot":true,"handlesAlerts":false,"databaseEnabled":false,"locationContextEnabled":false,"applicationCacheEnabled":false,"browserConnectionEnabled":false,"cssSelectorsEnabled":true,"webStorageEnabled":false,"rotatable":false,"acceptSslCerts":false,"nativeEvents":true,"proxy":{"proxyType":"direct"}}
[INFO  - 2016-12-27T16:43:20.726Z] SessionManagerReqHand - _postNewSessionCommand - New Session Created: 934eddb0-cc53-11e6-b208-bf0d9dc917c6
[ERROR - 2016-12-27T16:43:30.624Z] Session [934eddb0-cc53-11e6-b208-bf0d9dc917c6] - page.onError - msg: ReferenceError: Can't find variable: SAFE_CLOSING
[ERROR - 2016-12-27T16:43:30.624Z] Session [934eddb0-cc53-11e6-b208-bf0d9dc917c6] - page.onError - stack:
  exports (undefined:17)
[INFO  - 2016-12-27T16:43:30.687Z] ShutdownReqHand - _handle - About to shutdown
[INFO  - 2016-12-27T16:45:03.453Z] GhostDriver - Main - running on port 22751
[INFO  - 2016-12-27T16:45:03.659Z] Session [d0a847a0-cc53-11e6-aa00-89d95d4c9ad3] - page.settings - {"XSSAuditingEnabled":false,"javascriptCanCloseWindows":true,"javascriptCanOpenWindows":true,"javascriptEnabled":true,"loadImages":true,"localToRemoteUrlAccessEnabled":false,"userAgent":"Mozilla/5.0 (Windows NT 6.1; WOW64) AppleWebKit/538.1 (KHTML, like Gecko) PhantomJS/2.1.1 Safari/538.1","webSecurityEnabled":true}
[INFO  - 2016-12-27T16:45:03.659Z] Session [d0a847a0-cc53-11e6-aa00-89d95d4c9ad3] - page.customHeaders:  - {}
[INFO  - 2016-12-27T16:45:03.659Z] Session [d0a847a0-cc53-11e6-aa00-89d95d4c9ad3] - Session.negotiatedCapabilities - {"browserName":"phantomjs","version":"2.1.1","driverName":"ghostdriver","driverVersion":"1.2.0","platform":"windows-7-32bit","javascriptEnabled":true,"takesScreenshot":true,"handlesAlerts":false,"databaseEnabled":false,"locationContextEnabled":false,"applicationCacheEnabled":false,"browserConnectionEnabled":false,"cssSelectorsEnabled":true,"webStorageEnabled":false,"rotatable":false,"acceptSslCerts":false,"nativeEvents":true,"proxy":{"proxyType":"direct"}}
[INFO  - 2016-12-27T16:45:03.660Z] SessionManagerReqHand - _postNewSessionCommand - New Session Created: d0a847a0-cc53-11e6-aa00-89d95d4c9ad3
[ERROR - 2016-12-27T16:45:12.190Z] Session [d0a847a0-cc53-11e6-aa00-89d95d4c9ad3] - page.onError - msg: ReferenceError: Can't find variable: SAFE_CLOSING
[ERROR - 2016-12-27T16:45:12.190Z] Session [d0a847a0-cc53-11e6-aa00-89d95d4c9ad3] - page.onError - stack:
  exports (undefined:17)
[INFO  - 2016-12-27T16:45:12.304Z] ShutdownReqHand - _handle - About to shutdown
[INFO  - 2016-12-27T17:07:44.232Z] GhostDriver - Main - running on port 10012
[INFO  - 2016-12-27T17:07:44.396Z] Session [fbba1970-cc56-11e6-99d0-1bf97551968a] - page.settings - {"XSSAuditingEnabled":false,"javascriptCanCloseWindows":true,"javascriptCanOpenWindows":true,"javascriptEnabled":true,"loadImages":true,"localToRemoteUrlAccessEnabled":false,"userAgent":"Mozilla/5.0 (Windows NT 6.1; WOW64) AppleWebKit/538.1 (KHTML, like Gecko) PhantomJS/2.1.1 Safari/538.1","webSecurityEnabled":true}
[INFO  - 2016-12-27T17:07:44.396Z] Session [fbba1970-cc56-11e6-99d0-1bf97551968a] - page.customHeaders:  - {}
[INFO  - 2016-12-27T17:07:44.397Z] Session [fbba1970-cc56-11e6-99d0-1bf97551968a] - Session.negotiatedCapabilities - {"browserName":"phantomjs","version":"2.1.1","driverName":"ghostdriver","driverVersion":"1.2.0","platform":"windows-7-32bit","javascriptEnabled":true,"takesScreenshot":true,"handlesAlerts":false,"databaseEnabled":false,"locationContextEnabled":false,"applicationCacheEnabled":false,"browserConnectionEnabled":false,"cssSelectorsEnabled":true,"webStorageEnabled":false,"rotatable":false,"acceptSslCerts":false,"nativeEvents":true,"proxy":{"proxyType":"direct"}}
[INFO  - 2016-12-27T17:07:44.397Z] SessionManagerReqHand - _postNewSessionCommand - New Session Created: fbba1970-cc56-11e6-99d0-1bf97551968a
[ERROR - 2016-12-27T17:07:52.640Z] Session [fbba1970-cc56-11e6-99d0-1bf97551968a] - page.onError - msg: ReferenceError: Can't find variable: SAFE_CLOSING
[ERROR - 2016-12-27T17:07:52.640Z] Session [fbba1970-cc56-11e6-99d0-1bf97551968a] - page.onError - stack:
  exports (undefined:17)
[INFO  - 2016-12-27T17:07:52.739Z] ShutdownReqHand - _handle - About to shutdown
[INFO  - 2017-02-23T13:12:49.070Z] GhostDriver - Main - running on port 43126
[INFO  - 2017-02-23T13:12:49.691Z] Session [c6962450-f9c9-11e6-9ab7-5940ef21973d] - page.settings - {"XSSAuditingEnabled":false,"javascriptCanCloseWindows":true,"javascriptCanOpenWindows":true,"javascriptEnabled":true,"loadImages":true,"localToRemoteUrlAccessEnabled":false,"userAgent":"Mozilla/5.0 (Windows NT 6.1; WOW64) AppleWebKit/538.1 (KHTML, like Gecko) PhantomJS/2.1.1 Safari/538.1","webSecurityEnabled":true}
[INFO  - 2017-02-23T13:12:49.691Z] Session [c6962450-f9c9-11e6-9ab7-5940ef21973d] - page.customHeaders:  - {}
[INFO  - 2017-02-23T13:12:49.691Z] Session [c6962450-f9c9-11e6-9ab7-5940ef21973d] - Session.negotiatedCapabilities - {"browserName":"phantomjs","version":"2.1.1","driverName":"ghostdriver","driverVersion":"1.2.0","platform":"windows-7-32bit","javascriptEnabled":true,"takesScreenshot":true,"handlesAlerts":false,"databaseEnabled":false,"locationContextEnabled":false,"applicationCacheEnabled":false,"browserConnectionEnabled":false,"cssSelectorsEnabled":true,"webStorageEnabled":false,"rotatable":false,"acceptSslCerts":false,"nativeEvents":true,"proxy":{"proxyType":"direct"}}
[INFO  - 2017-02-23T13:12:49.691Z] SessionManagerReqHand - _postNewSessionCommand - New Session Created: c6962450-f9c9-11e6-9ab7-5940ef21973d
[INFO  - 2017-02-23T13:13:04.982Z] ShutdownReqHand - _handle - About to shutdown
[INFO  - 2017-02-23T13:14:30.859Z] GhostDriver - Main - running on port 24249
[INFO  - 2017-02-23T13:14:31.018Z] Session [02faa6f0-f9ca-11e6-a6da-3b19b8d89e8d] - page.settings - {"XSSAuditingEnabled":false,"javascriptCanCloseWindows":true,"javascriptCanOpenWindows":true,"javascriptEnabled":true,"loadImages":true,"localToRemoteUrlAccessEnabled":false,"userAgent":"Mozilla/5.0 (Windows NT 6.1; WOW64) AppleWebKit/538.1 (KHTML, like Gecko) PhantomJS/2.1.1 Safari/538.1","webSecurityEnabled":true}
[INFO  - 2017-02-23T13:14:31.018Z] Session [02faa6f0-f9ca-11e6-a6da-3b19b8d89e8d] - page.customHeaders:  - {}
[INFO  - 2017-02-23T13:14:31.018Z] Session [02faa6f0-f9ca-11e6-a6da-3b19b8d89e8d] - Session.negotiatedCapabilities - {"browserName":"phantomjs","version":"2.1.1","driverName":"ghostdriver","driverVersion":"1.2.0","platform":"windows-7-32bit","javascriptEnabled":true,"takesScreenshot":true,"handlesAlerts":false,"databaseEnabled":false,"locationContextEnabled":false,"applicationCacheEnabled":false,"browserConnectionEnabled":false,"cssSelectorsEnabled":true,"webStorageEnabled":false,"rotatable":false,"acceptSslCerts":false,"nativeEvents":true,"proxy":{"proxyType":"direct"}}
[INFO  - 2017-02-23T13:14:31.019Z] SessionManagerReqHand - _postNewSessionCommand - New Session Created: 02faa6f0-f9ca-11e6-a6da-3b19b8d89e8d
[INFO  - 2017-02-23T13:14:35.272Z] ShutdownReqHand - _handle - About to shutdown
[INFO  - 2017-02-23T13:18:08.627Z] GhostDriver - Main - running on port 42061
[INFO  - 2017-02-23T13:18:08.760Z] Session [84c45c30-f9ca-11e6-a674-0dcfd479b7f3] - page.settings - {"XSSAuditingEnabled":false,"javascriptCanCloseWindows":true,"javascriptCanOpenWindows":true,"javascriptEnabled":true,"loadImages":true,"localToRemoteUrlAccessEnabled":false,"userAgent":"Mozilla/5.0 (Windows NT 6.1; WOW64) AppleWebKit/538.1 (KHTML, like Gecko) PhantomJS/2.1.1 Safari/538.1","webSecurityEnabled":true}
[INFO  - 2017-02-23T13:18:08.761Z] Session [84c45c30-f9ca-11e6-a674-0dcfd479b7f3] - page.customHeaders:  - {}
[INFO  - 2017-02-23T13:18:08.762Z] Session [84c45c30-f9ca-11e6-a674-0dcfd479b7f3] - Session.negotiatedCapabilities - {"browserName":"phantomjs","version":"2.1.1","driverName":"ghostdriver","driverVersion":"1.2.0","platform":"windows-7-32bit","javascriptEnabled":true,"takesScreenshot":true,"handlesAlerts":false,"databaseEnabled":false,"locationContextEnabled":false,"applicationCacheEnabled":false,"browserConnectionEnabled":false,"cssSelectorsEnabled":true,"webStorageEnabled":false,"rotatable":false,"acceptSslCerts":false,"nativeEvents":true,"proxy":{"proxyType":"direct"}}
[INFO  - 2017-02-23T13:18:08.762Z] SessionManagerReqHand - _postNewSessionCommand - New Session Created: 84c45c30-f9ca-11e6-a674-0dcfd479b7f3
[INFO  - 2017-02-23T13:18:11.903Z] ShutdownReqHand - _handle - About to shutdown
[INFO  - 2017-02-23T13:18:46.828Z] GhostDriver - Main - running on port 45256
[INFO  - 2017-02-23T13:18:47.015Z] Session [9b903c90-f9ca-11e6-9332-b382b1c61e4c] - page.settings - {"XSSAuditingEnabled":false,"javascriptCanCloseWindows":true,"javascriptCanOpenWindows":true,"javascriptEnabled":true,"loadImages":true,"localToRemoteUrlAccessEnabled":false,"userAgent":"Mozilla/5.0 (Windows NT 6.1; WOW64) AppleWebKit/538.1 (KHTML, like Gecko) PhantomJS/2.1.1 Safari/538.1","webSecurityEnabled":true}
[INFO  - 2017-02-23T13:18:47.015Z] Session [9b903c90-f9ca-11e6-9332-b382b1c61e4c] - page.customHeaders:  - {}
[INFO  - 2017-02-23T13:18:47.015Z] Session [9b903c90-f9ca-11e6-9332-b382b1c61e4c] - Session.negotiatedCapabilities - {"browserName":"phantomjs","version":"2.1.1","driverName":"ghostdriver","driverVersion":"1.2.0","platform":"windows-7-32bit","javascriptEnabled":true,"takesScreenshot":true,"handlesAlerts":false,"databaseEnabled":false,"locationContextEnabled":false,"applicationCacheEnabled":false,"browserConnectionEnabled":false,"cssSelectorsEnabled":true,"webStorageEnabled":false,"rotatable":false,"acceptSslCerts":false,"nativeEvents":true,"proxy":{"proxyType":"direct"}}
[INFO  - 2017-02-23T13:18:47.016Z] SessionManagerReqHand - _postNewSessionCommand - New Session Created: 9b903c90-f9ca-11e6-9332-b382b1c61e4c
[INFO  - 2017-02-23T13:18:50.791Z] ShutdownReqHand - _handle - About to shutdown
[INFO  - 2017-02-23T13:19:31.957Z] GhostDriver - Main - running on port 31932
[INFO  - 2017-02-23T13:19:32.134Z] Session [b675c3e0-f9ca-11e6-85b2-69abab21fadf] - page.settings - {"XSSAuditingEnabled":false,"javascriptCanCloseWindows":true,"javascriptCanOpenWindows":true,"javascriptEnabled":true,"loadImages":true,"localToRemoteUrlAccessEnabled":false,"userAgent":"Mozilla/5.0 (Windows NT 6.1; WOW64) AppleWebKit/538.1 (KHTML, like Gecko) PhantomJS/2.1.1 Safari/538.1","webSecurityEnabled":true}
[INFO  - 2017-02-23T13:19:32.134Z] Session [b675c3e0-f9ca-11e6-85b2-69abab21fadf] - page.customHeaders:  - {}
[INFO  - 2017-02-23T13:19:32.134Z] Session [b675c3e0-f9ca-11e6-85b2-69abab21fadf] - Session.negotiatedCapabilities - {"browserName":"phantomjs","version":"2.1.1","driverName":"ghostdriver","driverVersion":"1.2.0","platform":"windows-7-32bit","javascriptEnabled":true,"takesScreenshot":true,"handlesAlerts":false,"databaseEnabled":false,"locationContextEnabled":false,"applicationCacheEnabled":false,"browserConnectionEnabled":false,"cssSelectorsEnabled":true,"webStorageEnabled":false,"rotatable":false,"acceptSslCerts":false,"nativeEvents":true,"proxy":{"proxyType":"direct"}}
[INFO  - 2017-02-23T13:19:32.135Z] SessionManagerReqHand - _postNewSessionCommand - New Session Created: b675c3e0-f9ca-11e6-85b2-69abab21fadf
[INFO  - 2017-02-23T13:19:35.803Z] ShutdownReqHand - _handle - About to shutdown
[INFO  - 2017-02-23T13:24:10.768Z] GhostDriver - Main - running on port 39338
[INFO  - 2017-02-23T13:24:11.367Z] Session [5ce38230-f9cb-11e6-ab02-75d0a554625e] - page.settings - {"XSSAuditingEnabled":false,"javascriptCanCloseWindows":true,"javascriptCanOpenWindows":true,"javascriptEnabled":true,"loadImages":true,"localToRemoteUrlAccessEnabled":false,"userAgent":"Mozilla/5.0 (Windows NT 6.1; WOW64) AppleWebKit/538.1 (KHTML, like Gecko) PhantomJS/2.1.1 Safari/538.1","webSecurityEnabled":true}
[INFO  - 2017-02-23T13:24:11.372Z] Session [5ce38230-f9cb-11e6-ab02-75d0a554625e] - page.customHeaders:  - {}
[INFO  - 2017-02-23T13:24:11.372Z] Session [5ce38230-f9cb-11e6-ab02-75d0a554625e] - Session.negotiatedCapabilities - {"browserName":"phantomjs","version":"2.1.1","driverName":"ghostdriver","driverVersion":"1.2.0","platform":"windows-7-32bit","javascriptEnabled":true,"takesScreenshot":true,"handlesAlerts":false,"databaseEnabled":false,"locationContextEnabled":false,"applicationCacheEnabled":false,"browserConnectionEnabled":false,"cssSelectorsEnabled":true,"webStorageEnabled":false,"rotatable":false,"acceptSslCerts":false,"nativeEvents":true,"proxy":{"proxyType":"direct"}}
[INFO  - 2017-02-23T13:24:11.373Z] SessionManagerReqHand - _postNewSessionCommand - New Session Created: 5ce38230-f9cb-11e6-ab02-75d0a554625e
[INFO  - 2017-02-23T13:24:14.915Z] ShutdownReqHand - _handle - About to shutdown
[INFO  - 2017-02-23T13:26:37.686Z] GhostDriver - Main - running on port 32689
[INFO  - 2017-02-23T13:26:37.799Z] Session [b42b9050-f9cb-11e6-a753-1d649db870ad] - page.settings - {"XSSAuditingEnabled":false,"javascriptCanCloseWindows":true,"javascriptCanOpenWindows":true,"javascriptEnabled":true,"loadImages":true,"localToRemoteUrlAccessEnabled":false,"userAgent":"Mozilla/5.0 (Windows NT 6.1; WOW64) AppleWebKit/538.1 (KHTML, like Gecko) PhantomJS/2.1.1 Safari/538.1","webSecurityEnabled":true}
[INFO  - 2017-02-23T13:26:37.800Z] Session [b42b9050-f9cb-11e6-a753-1d649db870ad] - page.customHeaders:  - {}
[INFO  - 2017-02-23T13:26:37.800Z] Session [b42b9050-f9cb-11e6-a753-1d649db870ad] - Session.negotiatedCapabilities - {"browserName":"phantomjs","version":"2.1.1","driverName":"ghostdriver","driverVersion":"1.2.0","platform":"windows-7-32bit","javascriptEnabled":true,"takesScreenshot":true,"handlesAlerts":false,"databaseEnabled":false,"locationContextEnabled":false,"applicationCacheEnabled":false,"browserConnectionEnabled":false,"cssSelectorsEnabled":true,"webStorageEnabled":false,"rotatable":false,"acceptSslCerts":false,"nativeEvents":true,"proxy":{"proxyType":"direct"}}
[INFO  - 2017-02-23T13:26:37.800Z] SessionManagerReqHand - _postNewSessionCommand - New Session Created: b42b9050-f9cb-11e6-a753-1d649db870ad
[INFO  - 2017-02-23T13:26:41.208Z] ShutdownReqHand - _handle - About to shutdown
